<?xml version="1.0" encoding="UTF-8"?>
<testsuite xmlns:xsi="http://www.w3.org/2001/XMLSchema-instance" xsi:noNamespaceSchemaLocation="https://maven.apache.org/surefire/maven-surefire-plugin/xsd/surefire-test-report.xsd" version="3.0.2" name="com.rest.FullRestApiApplicationTests" time="9.462" tests="1" errors="0" skipped="0" failures="0">
  <properties>
[...]
</properties>
  <testcase name="contextLoads" classname="com.rest.FullRestApiApplicationTests" time="0.479">
    <system-out><![CDATA[13:29:11.520 [main] INFO org.springframework.test.context.support.AnnotationConfigContextLoaderUtils -- Could not detect default configuration classes for test class [com.rest.FullRestApiApplicationTests]: FullRestApiApplicationTests does not declare any static, non-private, non-final, nested classes annotated with @Configuration.
13:29:11.654 [main] INFO org.springframework.boot.test.context.SpringBootTestContextBootstrapper -- Found @SpringBootConfiguration com.rest.FullRestApiApplication for test class com.rest.FullRestApiApplicationTests
13:29:11.937 [main] INFO org.springframework.boot.devtools.restart.RestartApplicationListener -- Restart disabled due to context in which it is running

  .   ____          _            __ _ _
 /\\ / ___'_ __ _ _(_)_ __  __ _ \ \ \ \
( ( )\___ | '_ | '_| | '_ \/ _` | \ \ \ \
 \\/  ___)| |_)| | | | | || (_| |  ) ) ) )
  '  |____| .__|_| |_|_| |_\__, | / / / /
 =========|_|==============|___/=/_/_/_/

 :: Spring Boot ::                (v3.5.3)

2025-07-04T13:29:12.281+05:30  INFO 30256 --- [full-rest-api`] [           main] com.rest.FullRestApiApplicationTests     : Starting FullRestApiApplicationTests using Java 17.0.9 with PID 30256 (started by LPS in D:\june2025\spring tool suite\full-rest-api)
2025-07-04T13:29:12.284+05:30  INFO 30256 --- [full-rest-api`] [           main] com.rest.FullRestApiApplicationTests     : No active profile set, falling back to 1 default profile: "default"
2025-07-04T13:29:14.109+05:30  INFO 30256 --- [full-rest-api`] [           main] .s.d.r.c.RepositoryConfigurationDelegate : Bootstrapping Spring Data JPA repositories in DEFAULT mode.
2025-07-04T13:29:14.206+05:30  INFO 30256 --- [full-rest-api`] [           main] .s.d.r.c.RepositoryConfigurationDelegate : Finished Spring Data repository scanning in 79 ms. Found 3 JPA repository interfaces.
2025-07-04T13:29:15.200+05:30  INFO 30256 --- [full-rest-api`] [           main] o.hibernate.jpa.internal.util.LogHelper  : HHH000204: Processing PersistenceUnitInfo [name: default]
2025-07-04T13:29:15.296+05:30  INFO 30256 --- [full-rest-api`] [           main] org.hibernate.Version                    : HHH000412: Hibernate ORM core version 6.6.18.Final
2025-07-04T13:29:15.349+05:30  INFO 30256 --- [full-rest-api`] [           main] o.h.c.internal.RegionFactoryInitiator    : HHH000026: Second-level cache disabled
2025-07-04T13:29:15.742+05:30  INFO 30256 --- [full-rest-api`] [           main] o.s.o.j.p.SpringPersistenceUnitInfo      : No LoadTimeWeaver setup: ignoring JPA class transformer
2025-07-04T13:29:15.786+05:30  INFO 30256 --- [full-rest-api`] [           main] com.zaxxer.hikari.HikariDataSource       : HikariPool-1 - Starting...
2025-07-04T13:29:16.049+05:30  INFO 30256 --- [full-rest-api`] [           main] com.zaxxer.hikari.pool.HikariPool        : HikariPool-1 - Added connection conn0: url=jdbc:h2:file:e:/h2db/sampledb user=SA
2025-07-04T13:29:16.050+05:30  INFO 30256 --- [full-rest-api`] [           main] com.zaxxer.hikari.HikariDataSource       : HikariPool-1 - Start completed.
2025-07-04T13:29:16.073+05:30  WARN 30256 --- [full-rest-api`] [           main] org.hibernate.orm.deprecation            : HHH90000025: H2Dialect does not need to be specified explicitly using 'hibernate.dialect' (remove the property setting and it will be selected by default)
2025-07-04T13:29:16.091+05:30  INFO 30256 --- [full-rest-api`] [           main] org.hibernate.orm.connections.pooling    : HHH10001005: Database info:
	Database JDBC URL [Connecting through datasource 'HikariDataSource (HikariPool-1)']
	Database driver: undefined/unknown
	Database version: 2.3.232
	Autocommit mode: undefined/unknown
	Isolation level: undefined/unknown
	Minimum pool size: undefined/unknown
	Maximum pool size: undefined/unknown
2025-07-04T13:29:17.140+05:30  INFO 30256 --- [full-rest-api`] [           main] o.h.e.t.j.p.i.JtaPlatformInitiator       : HHH000489: No JTA platform available (set 'hibernate.transaction.jta.platform' to enable JTA platform integration)
Hibernate: alter table if exists employees add column eno integer not null
Hibernate: alter table if exists employees add column ename varchar(255)
Hibernate: alter table if exists employees add column role varchar(255)
Hibernate: create table projects (pno integer not null, pname varchar(255), teamsize integer, technology varchar(255), primary key (pno))
2025-07-04T13:29:17.219+05:30  INFO 30256 --- [full-rest-api`] [           main] j.LocalContainerEntityManagerFactoryBean : Initialized JPA EntityManagerFactory for persistence unit 'default'
2025-07-04T13:29:17.784+05:30  INFO 30256 --- [full-rest-api`] [           main] eAuthenticationProviderManagerConfigurer : Global AuthenticationManager configured with AuthenticationProvider bean with name authenticationProvider
2025-07-04T13:29:17.785+05:30  WARN 30256 --- [full-rest-api`] [           main] r$InitializeUserDetailsManagerConfigurer : Global AuthenticationManager configured with an AuthenticationProvider bean. UserDetailsService beans will not be used by Spring Security for automatically configuring username/password login. Consider removing the AuthenticationProvider bean. Alternatively, consider using the UserDetailsService in a manually instantiated DaoAuthenticationProvider. If the current configuration is intentional, to turn off this warning, increase the logging level of 'org.springframework.security.config.annotation.authentication.configuration.InitializeUserDetailsBeanManagerConfigurer' to ERROR
2025-07-04T13:29:17.889+05:30  INFO 30256 --- [full-rest-api`] [           main] o.s.d.j.r.query.QueryEnhancerFactory     : Hibernate is in classpath; If applicable, HQL parser will be used.
2025-07-04T13:29:18.689+05:30  WARN 30256 --- [full-rest-api`] [           main] JpaBaseConfiguration$JpaWebConfiguration : spring.jpa.open-in-view is enabled by default. Therefore, database queries may be performed during view rendering. Explicitly configure spring.jpa.open-in-view to disable this warning
2025-07-04T13:29:19.380+05:30  INFO 30256 --- [full-rest-api`] [           main] o.s.b.a.e.web.EndpointLinksResolver      : Exposing 13 endpoints beneath base path '/actuator'
2025-07-04T13:29:20.149+05:30  INFO 30256 --- [full-rest-api`] [           main] o.s.b.a.h2.H2ConsoleAutoConfiguration    : H2 console available at '/h2-console'. Database available at 'jdbc:h2:file:e:/h2db/sampledb'
2025-07-04T13:29:20.286+05:30  INFO 30256 --- [full-rest-api`] [           main] com.rest.FullRestApiApplicationTests     : Started FullRestApiApplicationTests in 8.368 seconds (process running for 9.489)
]]></system-out>
  </testcase>
</testsuite>